# JRE version: Java(TM) SE Runtime Environment (8.0_181-b13) (build 1.8.0_181-b13)
# Java VM: Java HotSpot(TM) 64-Bit Server VM (25.181-b13 mixed mode bsd-amd64 compressed oops)
Heap:
 PSYoungGen      total 262656K, used 229699K [0x00000007aab00000, 0x00000007bc380000, 0x00000007c0000000)
  eden space 240128K, 92% used [0x00000007aab00000,0x00000007b834f2f0,0x00000007b9580000)
  from space 22528K, 36% used [0x00000007bad80000,0x00000007bb581b90,0x00000007bc380000)
  to   space 23552K, 0% used [0x00000007b9580000,0x00000007b9580000,0x00000007bac80000)
 ParOldGen       total 153600K, used 42555K [0x0000000780000000, 0x0000000789600000, 0x00000007aab00000)
  object space 153600K, 27% used [0x0000000780000000,0x000000078298ee48,0x0000000789600000)
 Metaspace       used 64790K, capacity 67488K, committed 67736K, reserved 1107968K
  class space    used 8655K, capacity 9278K, committed 9392K, reserved 1048576K
GC Heap History (10 events):
Event: 14.968 GC heap before
{Heap before GC invocations=11 (full 2):
 PSYoungGen      total 172032K, used 172028K [0x00000007aab00000, 0x00000007b7c00000, 0x00000007c0000000)
  eden space 159232K, 100% used [0x00000007aab00000,0x00000007b4680000,0x00000007b4680000)
  from space 12800K, 99% used [0x00000007b5580000,0x00000007b61ff220,0x00000007b6200000)
  to   space 15360K, 0% used [0x00000007b4680000,0x00000007b4680000,0x00000007b5580000)
 ParOldGen       total 100864K, used 21826K [0x0000000780000000, 0x0000000786280000, 0x00000007aab00000)
  object space 100864K, 21% used [0x0000000780000000,0x0000000781550b20,0x0000000786280000)
 Metaspace       used 54346K, capacity 56170K, committed 56240K, reserved 1097728K
  class space    used 7627K, capacity 8105K, committed 8112K, reserved 1048576K
Event: 15.023 GC heap after
Heap after GC invocations=11 (full 2):
 PSYoungGen      total 174592K, used 15350K [0x00000007aab00000, 0x00000007b9800000, 0x00000007c0000000)
  eden space 159232K, 0% used [0x00000007aab00000,0x00000007aab00000,0x00000007b4680000)
  from space 15360K, 99% used [0x00000007b4680000,0x00000007b557dbd8,0x00000007b5580000)
  to   space 22528K, 0% used [0x00000007b8200000,0x00000007b8200000,0x00000007b9800000)
 ParOldGen       total 100864K, used 34197K [0x0000000780000000, 0x0000000786280000, 0x00000007aab00000)
  object space 100864K, 33% used [0x0000000780000000,0x0000000782165578,0x0000000786280000)
 Metaspace       used 54346K, capacity 56170K, committed 56240K, reserved 1097728K
  class space    used 7627K, capacity 8105K, committed 8112K, reserved 1048576K
}
Event: 18.083 GC heap before
{Heap before GC invocations=12 (full 2):
 PSYoungGen      total 174592K, used 110815K [0x00000007aab00000, 0x00000007b9800000, 0x00000007c0000000)
  eden space 159232K, 59% used [0x00000007aab00000,0x00000007b083a140,0x00000007b4680000)
  from space 15360K, 99% used [0x00000007b4680000,0x00000007b557dbd8,0x00000007b5580000)
  to   space 22528K, 0% used [0x00000007b8200000,0x00000007b8200000,0x00000007b9800000)
 ParOldGen       total 100864K, used 34197K [0x0000000780000000, 0x0000000786280000, 0x00000007aab00000)
  object space 100864K, 33% used [0x0000000780000000,0x0000000782165578,0x0000000786280000)
 Metaspace       used 57266K, capacity 59036K, committed 59160K, reserved 1099776K
  class space    used 7958K, capacity 8424K, committed 8496K, reserved 1048576K
Event: 18.189 GC heap after
Heap after GC invocations=12 (full 2):
 PSYoungGen      total 219136K, used 16539K [0x00000007aab00000, 0x00000007ba080000, 0x00000007c0000000)
  eden space 196608K, 0% used [0x00000007aab00000,0x00000007aab00000,0x00000007b6b00000)
  from space 22528K, 73% used [0x00000007b8200000,0x00000007b9226f00,0x00000007b9800000)
  to   space 23552K, 0% used [0x00000007b6b00000,0x00000007b6b00000,0x00000007b8200000)
 ParOldGen       total 100864K, used 41170K [0x0000000780000000, 0x0000000786280000, 0x00000007aab00000)
  object space 100864K, 40% used [0x0000000780000000,0x0000000782834b08,0x0000000786280000)
 Metaspace       used 57266K, capacity 59036K, committed 59160K, reserved 1099776K
  class space    used 7958K, capacity 8424K, committed 8496K, reserved 1048576K
}
Event: 18.189 GC heap before
{Heap before GC invocations=13 (full 3):
 PSYoungGen      total 219136K, used 16539K [0x00000007aab00000, 0x00000007ba080000, 0x00000007c0000000)
  eden space 196608K, 0% used [0x00000007aab00000,0x00000007aab00000,0x00000007b6b00000)
  from space 22528K, 73% used [0x00000007b8200000,0x00000007b9226f00,0x00000007b9800000)
  to   space 23552K, 0% used [0x00000007b6b00000,0x00000007b6b00000,0x00000007b8200000)
 ParOldGen       total 100864K, used 41170K [0x0000000780000000, 0x0000000786280000, 0x00000007aab00000)
  object space 100864K, 40% used [0x0000000780000000,0x0000000782834b08,0x0000000786280000)
 Metaspace       used 57266K, capacity 59036K, committed 59160K, reserved 1099776K
  class space    used 7958K, capacity 8424K, committed 8496K, reserved 1048576K
Event: 18.483 GC heap after
Heap after GC invocations=13 (full 3):
 PSYoungGen      total 219136K, used 0K [0x00000007aab00000, 0x00000007ba080000, 0x00000007c0000000)
  eden space 196608K, 0% used [0x00000007aab00000,0x00000007aab00000,0x00000007b6b00000)
  from space 22528K, 0% used [0x00000007b8200000,0x00000007b8200000,0x00000007b9800000)
  to   space 23552K, 0% used [0x00000007b6b00000,0x00000007b6b00000,0x00000007b8200000)
 ParOldGen       total 153600K, used 42539K [0x0000000780000000, 0x0000000789600000, 0x00000007aab00000)
  object space 153600K, 27% used [0x0000000780000000,0x000000078298ae48,0x0000000789600000)
 Metaspace       used 57266K, capacity 59036K, committed 59160K, reserved 1099776K
  class space    used 7958K, capacity 8424K, committed 8496K, reserved 1048576K
}
Event: 3635.049 GC heap before
{Heap before GC invocations=14 (full 3):
 PSYoungGen      total 219136K, used 196608K [0x00000007aab00000, 0x00000007ba080000, 0x00000007c0000000)
  eden space 196608K, 100% used [0x00000007aab00000,0x00000007b6b00000,0x00000007b6b00000)
  from space 22528K, 0% used [0x00000007b8200000,0x00000007b8200000,0x00000007b9800000)
  to   space 23552K, 0% used [0x00000007b6b00000,0x00000007b6b00000,0x00000007b8200000)
 ParOldGen       total 153600K, used 42539K [0x0000000780000000, 0x0000000789600000, 0x00000007aab00000)
  object space 153600K, 27% used [0x0000000780000000,0x000000078298ae48,0x0000000789600000)
 Metaspace       used 63280K, capacity 65478K, committed 65688K, reserved 1105920K
  class space    used 8521K, capacity 9085K, committed 9136K, reserved 1048576K
Event: 3635.159 GC heap after
Heap after GC invocations=14 (full 3):
 PSYoungGen      total 220160K, used 16754K [0x00000007aab00000, 0x00000007bc500000, 0x00000007c0000000)
  eden space 196608K, 0% used [0x00000007aab00000,0x00000007aab00000,0x00000007b6b00000)
  from space 23552K, 71% used [0x00000007b6b00000,0x00000007b7b5ca78,0x00000007b8200000)
  to   space 24064K, 0% used [0x00000007bad80000,0x00000007bad80000,0x00000007bc500000)
 ParOldGen       total 153600K, used 42547K [0x0000000780000000, 0x0000000789600000, 0x00000007aab00000)
  object space 153600K, 27% used [0x0000000780000000,0x000000078298ce48,0x0000000789600000)
 Metaspace       used 63280K, capacity 65478K, committed 65688K, reserved 1105920K
  class space    used 8521K, capacity 9085K, committed 9136K, reserved 1048576K
}
Event: 3636.782 GC heap before
{Heap before GC invocations=15 (full 3):
 PSYoungGen      total 220160K, used 213362K [0x00000007aab00000, 0x00000007bc500000, 0x00000007c0000000)
  eden space 196608K, 100% used [0x00000007aab00000,0x00000007b6b00000,0x00000007b6b00000)
  from space 23552K, 71% used [0x00000007b6b00000,0x00000007b7b5ca78,0x00000007b8200000)
  to   space 24064K, 0% used [0x00000007bad80000,0x00000007bad80000,0x00000007bc500000)
 ParOldGen       total 153600K, used 42547K [0x0000000780000000, 0x0000000789600000, 0x00000007aab00000)
  object space 153600K, 27% used [0x0000000780000000,0x000000078298ce48,0x0000000789600000)
 Metaspace       used 63644K, capacity 65882K, committed 66072K, reserved 1105920K
  class space    used 8574K, capacity 9143K, committed 9264K, reserved 1048576K
Event: 3636.804 GC heap after
Heap after GC invocations=15 (full 3):
 PSYoungGen      total 262656K, used 8198K [0x00000007aab00000, 0x00000007bc380000, 0x00000007c0000000)
  eden space 240128K, 0% used [0x00000007aab00000,0x00000007aab00000,0x00000007b9580000)
  from space 22528K, 36% used [0x00000007bad80000,0x00000007bb581b90,0x00000007bc380000)
  to   space 23552K, 0% used [0x00000007b9580000,0x00000007b9580000,0x00000007bac80000)
 ParOldGen       total 153600K, used 42555K [0x0000000780000000, 0x0000000789600000, 0x00000007aab00000)
  object space 153600K, 27% used [0x0000000780000000,0x000000078298ee48,0x0000000789600000)
 Metaspace       used 63644K, capacity 65882K, committed 66072K, reserved 1105920K
  class space    used 8574K, capacity 9143K, committed 9264K, reserved 1048576K
}

